# JRE version: OpenJDK Runtime Environment (11.0.11+9) (build 11.0.11+9-Ubuntu-0ubuntu2)
# Java VM: OpenJDK 64-Bit Server VM (11.0.11+9-Ubuntu-0ubuntu2, mixed mode, sharing, tiered, compressed oops, g1 gc, linux-amd64)
Heap:
 garbage-first heap   total 81920K, used 36308K [0x000000008b600000, 0x0000000100000000)
  region size 1024K, 14 young (14336K), 3 survivors (3072K)
 Metaspace       used 60265K, capacity 62844K, committed 63104K, reserved 1103872K
  class space    used 8301K, capacity 9332K, committed 9344K, reserved 1048576K
GC Heap History (20 events):
Event: 665,754 GC heap before
{Heap before GC invocations=30 (full 3):
 garbage-first heap   total 81920K, used 62674K [0x000000008b600000, 0x0000000100000000)
  region size 1024K, 40 young (40960K), 0 survivors (0K)
 Metaspace       used 59270K, capacity 61625K, committed 61952K, reserved 1101824K
  class space    used 8180K, capacity 9124K, committed 9216K, reserved 1048576K
}
Event: 665,757 GC heap after
{Heap after GC invocations=31 (full 3):
 garbage-first heap   total 81920K, used 25538K [0x000000008b600000, 0x0000000100000000)
  region size 1024K, 3 young (3072K), 3 survivors (3072K)
 Metaspace       used 59270K, capacity 61625K, committed 61952K, reserved 1101824K
  class space    used 8180K, capacity 9124K, committed 9216K, reserved 1048576K
}
Event: 665,913 GC heap before
{Heap before GC invocations=31 (full 3):
 garbage-first heap   total 81920K, used 63426K [0x000000008b600000, 0x0000000100000000)
  region size 1024K, 41 young (41984K), 3 survivors (3072K)
 Metaspace       used 59270K, capacity 61625K, committed 61952K, reserved 1101824K
  class space    used 8180K, capacity 9124K, committed 9216K, reserved 1048576K
}
Event: 665,917 GC heap after
{Heap after GC invocations=32 (full 3):
 garbage-first heap   total 81920K, used 25626K [0x000000008b600000, 0x0000000100000000)
  region size 1024K, 3 young (3072K), 3 survivors (3072K)
 Metaspace       used 59270K, capacity 61625K, committed 61952K, reserved 1101824K
  class space    used 8180K, capacity 9124K, committed 9216K, reserved 1048576K
}
Event: 667,001 GC heap before
{Heap before GC invocations=32 (full 3):
 garbage-first heap   total 81920K, used 65562K [0x000000008b600000, 0x0000000100000000)
  region size 1024K, 42 young (43008K), 3 survivors (3072K)
 Metaspace       used 59536K, capacity 61865K, committed 61952K, reserved 1101824K
  class space    used 8204K, capacity 9133K, committed 9216K, reserved 1048576K
}
Event: 667,024 GC heap after
{Heap after GC invocations=33 (full 3):
 garbage-first heap   total 81920K, used 26966K [0x000000008b600000, 0x0000000100000000)
  region size 1024K, 5 young (5120K), 5 survivors (5120K)
 Metaspace       used 59536K, capacity 61865K, committed 61952K, reserved 1101824K
  class space    used 8204K, capacity 9133K, committed 9216K, reserved 1048576K
}
Event: 793,854 GC heap before
{Heap before GC invocations=33 (full 3):
 garbage-first heap   total 81920K, used 54614K [0x000000008b600000, 0x0000000100000000)
  region size 1024K, 33 young (33792K), 5 survivors (5120K)
 Metaspace       used 59679K, capacity 62075K, committed 62208K, reserved 1101824K
  class space    used 8227K, capacity 9197K, committed 9216K, reserved 1048576K
}
Event: 793,896 GC heap after
{Heap after GC invocations=34 (full 4):
 garbage-first heap   total 81920K, used 23142K [0x000000008b600000, 0x0000000100000000)
  region size 1024K, 0 young (0K), 0 survivors (0K)
 Metaspace       used 59676K, capacity 62069K, committed 62208K, reserved 1101824K
  class space    used 8226K, capacity 9195K, committed 9216K, reserved 1048576K
}
Event: 794,225 GC heap before
{Heap before GC invocations=34 (full 4):
 garbage-first heap   total 81920K, used 63078K [0x000000008b600000, 0x0000000100000000)
  region size 1024K, 40 young (40960K), 0 survivors (0K)
 Metaspace       used 59789K, capacity 62253K, committed 62592K, reserved 1101824K
  class space    used 8245K, capacity 9235K, committed 9344K, reserved 1048576K
}
Event: 794,228 GC heap after
{Heap after GC invocations=35 (full 4):
 garbage-first heap   total 81920K, used 25915K [0x000000008b600000, 0x0000000100000000)
  region size 1024K, 3 young (3072K), 3 survivors (3072K)
 Metaspace       used 59789K, capacity 62253K, committed 62592K, reserved 1101824K
  class space    used 8245K, capacity 9235K, committed 9344K, reserved 1048576K
}
Event: 794,245 GC heap before
{Heap before GC invocations=35 (full 4):
 garbage-first heap   total 81920K, used 63803K [0x000000008b600000, 0x0000000100000000)
  region size 1024K, 41 young (41984K), 3 survivors (3072K)
 Metaspace       used 59789K, capacity 62253K, committed 62592K, reserved 1101824K
  class space    used 8245K, capacity 9235K, committed 9344K, reserved 1048576K
}
Event: 794,248 GC heap after
{Heap after GC invocations=36 (full 4):
 garbage-first heap   total 81920K, used 25742K [0x000000008b600000, 0x0000000100000000)
  region size 1024K, 3 young (3072K), 3 survivors (3072K)
 Metaspace       used 59789K, capacity 62253K, committed 62592K, reserved 1101824K
  class space    used 8245K, capacity 9235K, committed 9344K, reserved 1048576K
}
Event: 794,581 GC heap before
{Heap before GC invocations=36 (full 4):
 garbage-first heap   total 81920K, used 65678K [0x000000008b600000, 0x0000000100000000)
  region size 1024K, 42 young (43008K), 3 survivors (3072K)
 Metaspace       used 60026K, capacity 62451K, committed 62592K, reserved 1101824K
  class space    used 8264K, capacity 9236K, committed 9344K, reserved 1048576K
}
Event: 794,587 GC heap after
{Heap after GC invocations=37 (full 4):
 garbage-first heap   total 81920K, used 27365K [0x000000008b600000, 0x0000000100000000)
  region size 1024K, 5 young (5120K), 5 survivors (5120K)
 Metaspace       used 60026K, capacity 62451K, committed 62592K, reserved 1101824K
  class space    used 8264K, capacity 9236K, committed 9344K, reserved 1048576K
}
Event: 852,246 GC heap before
{Heap before GC invocations=37 (full 4):
 garbage-first heap   total 81920K, used 47845K [0x000000008b600000, 0x0000000100000000)
  region size 1024K, 26 young (26624K), 5 survivors (5120K)
 Metaspace       used 60082K, capacity 62561K, committed 62848K, reserved 1103872K
  class space    used 8271K, capacity 9273K, committed 9344K, reserved 1048576K
}
Event: 852,295 GC heap after
{Heap after GC invocations=38 (full 5):
 garbage-first heap   total 81920K, used 23467K [0x000000008b600000, 0x0000000100000000)
  region size 1024K, 0 young (0K), 0 survivors (0K)
 Metaspace       used 60079K, capacity 62555K, committed 62848K, reserved 1103872K
  class space    used 8270K, capacity 9271K, committed 9344K, reserved 1048576K
}
Event: 852,721 GC heap before
{Heap before GC invocations=38 (full 5):
 garbage-first heap   total 81920K, used 63403K [0x000000008b600000, 0x0000000100000000)
  region size 1024K, 40 young (40960K), 0 survivors (0K)
 Metaspace       used 60232K, capacity 62802K, committed 62848K, reserved 1103872K
  class space    used 8296K, capacity 9325K, committed 9344K, reserved 1048576K
}
Event: 852,725 GC heap after
{Heap after GC invocations=39 (full 5):
 garbage-first heap   total 81920K, used 26416K [0x000000008b600000, 0x0000000100000000)
  region size 1024K, 3 young (3072K), 3 survivors (3072K)
 Metaspace       used 60232K, capacity 62802K, committed 62848K, reserved 1103872K
  class space    used 8296K, capacity 9325K, committed 9344K, reserved 1048576K
}
Event: 852,735 GC heap before
{Heap before GC invocations=39 (full 5):
 garbage-first heap   total 81920K, used 63280K [0x000000008b600000, 0x0000000100000000)
  region size 1024K, 40 young (40960K), 3 survivors (3072K)
 Metaspace       used 60232K, capacity 62802K, committed 62848K, reserved 1103872K
  class space    used 8296K, capacity 9325K, committed 9344K, reserved 1048576K
}
Event: 852,738 GC heap after
{Heap after GC invocations=40 (full 5):
 garbage-first heap   total 81920K, used 26068K [0x000000008b600000, 0x0000000100000000)
  region size 1024K, 3 young (3072K), 3 survivors (3072K)
 Metaspace       used 60232K, capacity 62802K, committed 62848K, reserved 1103872K
  class space    used 8296K, capacity 9325K, committed 9344K, reserved 1048576K
}

